[32minfo[39m: Page loaded successfully {"status":"success"}
[32minfo[39m: [object Object]
[32minfo[39m: [object Object]
[32minfo[39m: Found 2 elements to interact with. {"status":"success","type":"posts"}
[32minfo[39m: Number of posts: 2 {"status":"success","type":"promotion"}
[32minfo[39m: In ubereats AD {"status":"info","type":"edit"}
[32minfo[39m: Clicked on Edit button for post index 0 {"status":"success","type":"edit"}
[32minfo[39m: Added a dot {"status":"info","type":"edit"}
[32minfo[39m: Post ubereats edited successfully {"status":"success","type":"edit"}
[32minfo[39m: In jow2 AD {"status":"info","type":"edit"}
[32minfo[39m: Clicked on Edit button for post index 1 {"status":"success","type":"edit"}
[32minfo[39m: Added a dot {"status":"info","type":"edit"}
[32minfo[39m: Post jow2 edited successfully {"status":"success","type":"edit"}
{"level":"info","message":"Page loaded successfully","status":"success","timestamp":"2024-08-07T23:53:26.026Z"}
{"level":"info","message":{"status":"success","type":"connection"},"timestamp":"2024-08-07T23:53:26.325Z"}
{"level":"info","message":{"reason":"Navigated to user post page","status":"success"},"timestamp":"2024-08-07T23:53:26.682Z"}
{"level":"info","message":"Found 2 elements to interact with.","status":"success","timestamp":"2024-08-07T23:53:26.829Z","type":"posts"}
{"level":"info","message":"Number of posts: 2","status":"success","timestamp":"2024-08-07T23:53:26.830Z","type":"promotion"}
{"level":"info","message":"In jow2 AD","status":"info","timestamp":"2024-08-07T23:53:26.837Z","type":"edit"}
{"level":"info","message":"Clicked on Edit button for post index 0","status":"success","timestamp":"2024-08-07T23:53:26.855Z","type":"edit"}
{"level":"info","message":"Added a dot","status":"info","timestamp":"2024-08-07T23:53:28.019Z","type":"edit"}
{"level":"error","message":{"error":"Waiting for selector `button#edit_message_save` failed: Waiting failed: 30000ms exceeded","reason":"Failed to save jow2 post","status":"failed","type":"edit"},"timestamp":"2024-08-07T23:53:58.022Z"}
{"level":"info","message":"In ubereats AD","status":"info","timestamp":"2024-08-07T23:53:59.030Z","type":"edit"}
{"level":"info","message":"Clicked on Edit button for post index 1","status":"success","timestamp":"2024-08-07T23:53:59.046Z","type":"edit"}
{"level":"info","message":"Added a dot","status":"info","timestamp":"2024-08-07T23:54:00.269Z","type":"edit"}
{"level":"info","message":"Page loaded successfully","status":"success","timestamp":"2024-08-07T23:54:30.574Z"}
{"level":"info","message":{"status":"success","type":"connection"},"timestamp":"2024-08-07T23:54:30.895Z"}
{"level":"info","message":{"reason":"Navigated to user post page","status":"success"},"timestamp":"2024-08-07T23:54:31.266Z"}
{"level":"info","message":"Found 2 elements to interact with.","status":"success","timestamp":"2024-08-07T23:54:31.408Z","type":"posts"}
{"level":"info","message":"Number of posts: 2","status":"success","timestamp":"2024-08-07T23:54:31.408Z","type":"promotion"}
{"level":"info","message":"In jow2 AD","status":"info","timestamp":"2024-08-07T23:54:31.416Z","type":"edit"}
{"level":"info","message":"Clicked on Edit button for post index 0","status":"success","timestamp":"2024-08-07T23:54:31.449Z","type":"edit"}
{"level":"info","message":"Added a dot","status":"info","timestamp":"2024-08-07T23:54:32.536Z","type":"edit"}
{"level":"error","message":{"error":"Waiting for selector `button#edit_message_save` failed: Waiting failed: 30000ms exceeded","reason":"Failed to save jow2 post","status":"failed","type":"edit"},"timestamp":"2024-08-07T23:55:02.546Z"}
{"level":"info","message":"In ubereats AD","status":"info","timestamp":"2024-08-07T23:55:03.553Z","type":"edit"}
{"level":"info","message":"Clicked on Edit button for post index 1","status":"success","timestamp":"2024-08-07T23:55:03.568Z","type":"edit"}
{"level":"info","message":"Added a dot","status":"info","timestamp":"2024-08-07T23:55:04.714Z","type":"edit"}
{"level":"error","message":{"error":"Waiting for selector `button#edit_message_save` failed: Waiting failed: 30000ms exceeded","reason":"Failed to save ubereats post","status":"failed","type":"edit"},"timestamp":"2024-08-07T23:55:34.725Z"}
{"level":"info","message":"Page loaded successfully","status":"success","timestamp":"2024-08-07T23:57:45.452Z"}
{"level":"info","message":{"status":"success","type":"connection"},"timestamp":"2024-08-07T23:57:45.790Z"}
{"level":"info","message":{"reason":"Navigated to user post page","status":"success"},"timestamp":"2024-08-07T23:57:46.129Z"}
{"level":"info","message":"Found 2 elements to interact with.","status":"success","timestamp":"2024-08-07T23:57:46.283Z","type":"posts"}
{"level":"info","message":"Number of posts: 2","status":"success","timestamp":"2024-08-07T23:57:46.284Z","type":"promotion"}
{"level":"info","message":"In jow2 AD","status":"info","timestamp":"2024-08-07T23:57:46.292Z","type":"edit"}
{"level":"info","message":"Clicked on Edit button for post index 0","status":"success","timestamp":"2024-08-07T23:57:46.319Z","type":"edit"}
{"level":"info","message":"Added a dot","status":"info","timestamp":"2024-08-07T23:57:47.432Z","type":"edit"}
{"level":"error","message":{"error":"Waiting for selector `button#edit_message_save` failed: Waiting failed: 30000ms exceeded","reason":"Failed to save jow2 post","status":"failed","type":"edit"},"timestamp":"2024-08-07T23:58:17.447Z"}
{"level":"info","message":"In ubereats AD","status":"info","timestamp":"2024-08-07T23:58:18.500Z","type":"edit"}
{"level":"info","message":"Clicked on Edit button for post index 1","status":"success","timestamp":"2024-08-07T23:58:18.513Z","type":"edit"}
{"level":"info","message":"Added a dot","status":"info","timestamp":"2024-08-07T23:58:19.683Z","type":"edit"}
{"level":"info","message":"Page loaded successfully","status":"success","timestamp":"2024-08-07T23:58:46.431Z"}
{"level":"info","message":{"status":"success","type":"connection"},"timestamp":"2024-08-07T23:58:46.752Z"}
{"level":"info","message":{"reason":"Navigated to user post page","status":"success"},"timestamp":"2024-08-07T23:58:47.117Z"}
{"level":"info","message":"Found 2 elements to interact with.","status":"success","timestamp":"2024-08-07T23:58:47.271Z","type":"posts"}
{"level":"info","message":"Number of posts: 2","status":"success","timestamp":"2024-08-07T23:58:47.271Z","type":"promotion"}
{"level":"info","message":"In jow2 AD","status":"info","timestamp":"2024-08-07T23:58:47.278Z","type":"edit"}
{"level":"info","message":"Clicked on Edit button for post index 0","status":"success","timestamp":"2024-08-07T23:58:47.302Z","type":"edit"}
{"level":"info","message":"Added a dot","status":"info","timestamp":"2024-08-07T23:58:48.391Z","type":"edit"}
{"level":"info","message":"Page loaded successfully","status":"success","timestamp":"2024-08-07T23:59:10.848Z"}
{"level":"info","message":{"status":"success","type":"connection"},"timestamp":"2024-08-07T23:59:11.267Z"}
{"level":"info","message":{"reason":"Navigated to user post page","status":"success"},"timestamp":"2024-08-07T23:59:11.593Z"}
{"level":"info","message":"Found 2 elements to interact with.","status":"success","timestamp":"2024-08-07T23:59:11.761Z","type":"posts"}
{"level":"info","message":"Number of posts: 2","status":"success","timestamp":"2024-08-07T23:59:11.761Z","type":"promotion"}
{"level":"info","message":"In jow2 AD","status":"info","timestamp":"2024-08-07T23:59:11.770Z","type":"edit"}
{"level":"info","message":"Clicked on Edit button for post index 0","status":"success","timestamp":"2024-08-07T23:59:11.804Z","type":"edit"}
{"level":"info","message":"Added a dot","status":"info","timestamp":"2024-08-07T23:59:12.886Z","type":"edit"}
{"level":"error","message":{"error":"Waiting for selector `button#edit_message_save` failed: Waiting failed: 30000ms exceeded","reason":"Failed to save jow2 post","status":"failed","type":"edit"},"timestamp":"2024-08-07T23:59:42.899Z"}
{"level":"info","message":"In ubereats AD","status":"info","timestamp":"2024-08-07T23:59:43.904Z","type":"edit"}
{"level":"info","message":"Clicked on Edit button for post index 1","status":"success","timestamp":"2024-08-07T23:59:43.922Z","type":"edit"}
{"level":"info","message":"Added a dot","status":"info","timestamp":"2024-08-07T23:59:45.048Z","type":"edit"}
{"level":"info","message":"Page loaded successfully","status":"success","timestamp":"2024-08-08T00:00:22.417Z"}
{"level":"info","message":{"status":"success","type":"connection"},"timestamp":"2024-08-08T00:00:22.800Z"}
{"level":"info","message":{"reason":"Navigated to user post page","status":"success"},"timestamp":"2024-08-08T00:00:23.173Z"}
{"level":"info","message":"Found 2 elements to interact with.","status":"success","timestamp":"2024-08-08T00:00:23.322Z","type":"posts"}
{"level":"info","message":"Number of posts: 2","status":"success","timestamp":"2024-08-08T00:00:23.322Z","type":"promotion"}
{"level":"info","message":"In jow2 AD","status":"info","timestamp":"2024-08-08T00:00:23.330Z","type":"edit"}
{"level":"info","message":"Clicked on Edit button for post index 0","status":"success","timestamp":"2024-08-08T00:00:23.358Z","type":"edit"}
{"level":"info","message":"Added a dot","status":"info","timestamp":"2024-08-08T00:00:24.474Z","type":"edit"}
{"level":"info","message":"Page loaded successfully","status":"success","timestamp":"2024-08-08T00:00:45.466Z"}
{"level":"info","message":{"status":"success","type":"connection"},"timestamp":"2024-08-08T00:00:45.835Z"}
{"level":"info","message":{"reason":"Navigated to user post page","status":"success"},"timestamp":"2024-08-08T00:00:46.170Z"}
{"level":"info","message":"Found 2 elements to interact with.","status":"success","timestamp":"2024-08-08T00:00:46.312Z","type":"posts"}
{"level":"info","message":"Number of posts: 2","status":"success","timestamp":"2024-08-08T00:00:46.312Z","type":"promotion"}
{"level":"info","message":"In jow2 AD","status":"info","timestamp":"2024-08-08T00:00:46.320Z","type":"edit"}
{"level":"info","message":"Clicked on Edit button for post index 0","status":"success","timestamp":"2024-08-08T00:00:46.335Z","type":"edit"}
{"level":"info","message":"Added a dot","status":"info","timestamp":"2024-08-08T00:00:47.416Z","type":"edit"}
{"level":"error","message":{"error":"Waiting for selector `button#edit_message_save` failed: Waiting failed: 30000ms exceeded","reason":"Failed to save jow2 post","status":"failed","type":"edit"},"timestamp":"2024-08-08T00:01:17.420Z"}
{"level":"info","message":"In ubereats AD","status":"info","timestamp":"2024-08-08T00:01:18.397Z","type":"edit"}
{"level":"info","message":"Clicked on Edit button for post index 1","status":"success","timestamp":"2024-08-08T00:01:18.410Z","type":"edit"}
{"level":"info","message":"Added a dot","status":"info","timestamp":"2024-08-08T00:01:19.599Z","type":"edit"}
{"level":"error","message":{"error":"Waiting for selector `button#edit_message_save` failed: Waiting failed: 30000ms exceeded","reason":"Failed to save ubereats post","status":"failed","type":"edit"},"timestamp":"2024-08-08T00:01:49.616Z"}
{"level":"info","message":"Page loaded successfully","status":"success","timestamp":"2024-08-08T00:01:53.074Z"}
{"level":"info","message":{"status":"success","type":"connection"},"timestamp":"2024-08-08T00:01:53.399Z"}
{"level":"info","message":{"reason":"Navigated to user post page","status":"success"},"timestamp":"2024-08-08T00:01:53.823Z"}
{"level":"info","message":"Found 2 elements to interact with.","status":"success","timestamp":"2024-08-08T00:01:53.972Z","type":"posts"}
{"level":"info","message":"Number of posts: 2","status":"success","timestamp":"2024-08-08T00:01:53.972Z","type":"promotion"}
{"level":"info","message":"In jow2 AD","status":"info","timestamp":"2024-08-08T00:01:53.981Z","type":"edit"}
{"level":"info","message":"Clicked on Edit button for post index 0","status":"success","timestamp":"2024-08-08T00:01:54.011Z","type":"edit"}
{"level":"info","message":"Added a dot","status":"info","timestamp":"2024-08-08T00:01:55.138Z","type":"edit"}
{"level":"error","message":{"error":"Waiting for selector `button#edit_message_save` failed: Protocol error (Runtime.callFunctionOn): Target closed","reason":"Failed to save jow2 post","status":"failed","type":"edit"},"timestamp":"2024-08-08T00:02:09.567Z"}
{"level":"error","message":{"error":"Protocol error (Page.navigate): Session closed. Most likely the page has been closed.","status":"error","type":"edit"},"timestamp":"2024-08-08T00:02:09.568Z"}
{"level":"error","message":{"error":"Waiting for selector `.coupon-list.list-wrapper` failed: waitForFunction failed: frame got detached.","status":"error","type":"edit"},"timestamp":"2024-08-08T00:02:09.667Z"}
{"level":"info","message":"Page loaded successfully","status":"success","timestamp":"2024-08-08T00:04:28.050Z"}
{"level":"info","message":{"status":"success","type":"connection"},"timestamp":"2024-08-08T00:04:28.338Z"}
{"level":"info","message":{"reason":"Navigated to user post page","status":"success"},"timestamp":"2024-08-08T00:04:28.694Z"}
{"level":"info","message":"Found 2 elements to interact with.","status":"success","timestamp":"2024-08-08T00:04:28.842Z","type":"posts"}
{"level":"info","message":"Number of posts: 2","status":"success","timestamp":"2024-08-08T00:04:28.843Z","type":"promotion"}
{"level":"info","message":"In jow2 AD","status":"info","timestamp":"2024-08-08T00:04:28.850Z","type":"edit"}
{"level":"info","message":"Clicked on Edit button for post index 0","status":"success","timestamp":"2024-08-08T00:04:28.883Z","type":"edit"}
{"level":"info","message":"Added a dot","status":"info","timestamp":"2024-08-08T00:04:29.971Z","type":"edit"}
{"level":"info","message":"Page loaded successfully","status":"success","timestamp":"2024-08-08T00:06:16.731Z"}
{"level":"info","message":{"status":"success","type":"connection"},"timestamp":"2024-08-08T00:06:17.177Z"}
{"level":"info","message":{"reason":"Navigated to user post page","status":"success"},"timestamp":"2024-08-08T00:06:17.558Z"}
{"level":"info","message":"Found 2 elements to interact with.","status":"success","timestamp":"2024-08-08T00:06:17.711Z","type":"posts"}
{"level":"info","message":"Number of posts: 2","status":"success","timestamp":"2024-08-08T00:06:17.712Z","type":"promotion"}
{"level":"info","message":"In jow2 AD","status":"info","timestamp":"2024-08-08T00:06:17.719Z","type":"edit"}
{"level":"info","message":"Clicked on Edit button for post index 0","status":"success","timestamp":"2024-08-08T00:06:17.754Z","type":"edit"}
{"level":"info","message":"Added a dot","status":"info","timestamp":"2024-08-08T00:06:18.842Z","type":"edit"}
{"level":"info","message":"Page loaded successfully","status":"success","timestamp":"2024-08-08T00:06:29.965Z"}
{"level":"info","message":{"status":"success","type":"connection"},"timestamp":"2024-08-08T00:06:30.266Z"}
{"level":"info","message":{"reason":"Navigated to user post page","status":"success"},"timestamp":"2024-08-08T00:06:30.636Z"}
{"level":"info","message":"Found 2 elements to interact with.","status":"success","timestamp":"2024-08-08T00:06:30.777Z","type":"posts"}
{"level":"info","message":"Number of posts: 2","status":"success","timestamp":"2024-08-08T00:06:30.778Z","type":"promotion"}
{"level":"info","message":"In jow2 AD","status":"info","timestamp":"2024-08-08T00:06:30.786Z","type":"edit"}
{"level":"info","message":"Clicked on Edit button for post index 0","status":"success","timestamp":"2024-08-08T00:06:30.821Z","type":"edit"}
{"level":"info","message":"Added a dot","status":"info","timestamp":"2024-08-08T00:06:31.936Z","type":"edit"}
{"level":"info","message":"Page loaded successfully","status":"success","timestamp":"2024-08-08T00:06:45.811Z"}
{"level":"info","message":{"status":"success","type":"connection"},"timestamp":"2024-08-08T00:06:46.165Z"}
{"level":"info","message":{"reason":"Navigated to user post page","status":"success"},"timestamp":"2024-08-08T00:06:46.527Z"}
{"level":"info","message":"Found 2 elements to interact with.","status":"success","timestamp":"2024-08-08T00:06:46.675Z","type":"posts"}
{"level":"info","message":"Number of posts: 2","status":"success","timestamp":"2024-08-08T00:06:46.675Z","type":"promotion"}
{"level":"info","message":"In jow2 AD","status":"info","timestamp":"2024-08-08T00:06:46.683Z","type":"edit"}
{"level":"info","message":"Clicked on Edit button for post index 0","status":"success","timestamp":"2024-08-08T00:06:46.711Z","type":"edit"}
{"level":"info","message":"Added a dot","status":"info","timestamp":"2024-08-08T00:06:47.815Z","type":"edit"}
{"level":"info","message":"Page loaded successfully","status":"success","timestamp":"2024-08-08T00:06:59.877Z"}
{"level":"info","message":{"status":"success","type":"connection"},"timestamp":"2024-08-08T00:07:00.199Z"}
{"level":"info","message":{"reason":"Navigated to user post page","status":"success"},"timestamp":"2024-08-08T00:07:00.526Z"}
{"level":"info","message":"Found 2 elements to interact with.","status":"success","timestamp":"2024-08-08T00:07:00.686Z","type":"posts"}
{"level":"info","message":"Number of posts: 2","status":"success","timestamp":"2024-08-08T00:07:00.687Z","type":"promotion"}
{"level":"info","message":"In jow2 AD","status":"info","timestamp":"2024-08-08T00:07:00.696Z","type":"edit"}
{"level":"info","message":"Clicked on Edit button for post index 0","status":"success","timestamp":"2024-08-08T00:07:00.718Z","type":"edit"}
{"level":"info","message":"Added a dot","status":"info","timestamp":"2024-08-08T00:07:01.907Z","type":"edit"}
{"level":"error","message":{"error":"Waiting for selector `button#edit_message_save` failed: Waiting failed: 30000ms exceeded","reason":"Failed to save jow2 post","status":"failed","type":"edit"},"timestamp":"2024-08-08T00:07:31.915Z"}
{"level":"info","message":"In ubereats AD","status":"info","timestamp":"2024-08-08T00:07:32.943Z","type":"edit"}
{"level":"info","message":"Clicked on Edit button for post index 1","status":"success","timestamp":"2024-08-08T00:07:32.960Z","type":"edit"}
{"level":"info","message":"Added a dot","status":"info","timestamp":"2024-08-08T00:07:34.140Z","type":"edit"}
{"level":"info","message":"Page loaded successfully","status":"success","timestamp":"2024-08-08T00:07:38.101Z"}
{"level":"info","message":{"status":"success","type":"connection"},"timestamp":"2024-08-08T00:07:38.522Z"}
{"level":"info","message":{"reason":"Navigated to user post page","status":"success"},"timestamp":"2024-08-08T00:07:38.878Z"}
{"level":"info","message":"Found 2 elements to interact with.","status":"success","timestamp":"2024-08-08T00:07:39.021Z","type":"posts"}
{"level":"info","message":"Number of posts: 2","status":"success","timestamp":"2024-08-08T00:07:39.022Z","type":"promotion"}
{"level":"info","message":"In jow2 AD","status":"info","timestamp":"2024-08-08T00:07:39.030Z","type":"edit"}
{"level":"info","message":"Clicked on Edit button for post index 0","status":"success","timestamp":"2024-08-08T00:07:39.067Z","type":"edit"}
{"level":"info","message":"Added a dot","status":"info","timestamp":"2024-08-08T00:07:40.150Z","type":"edit"}
{"level":"info","message":"Page loaded successfully","status":"success","timestamp":"2024-08-08T00:07:50.049Z"}
{"level":"info","message":{"status":"success","type":"connection"},"timestamp":"2024-08-08T00:07:50.375Z"}
{"level":"info","message":{"reason":"Navigated to user post page","status":"success"},"timestamp":"2024-08-08T00:07:50.733Z"}
{"level":"info","message":"Found 2 elements to interact with.","status":"success","timestamp":"2024-08-08T00:07:50.900Z","type":"posts"}
{"level":"info","message":"Number of posts: 2","status":"success","timestamp":"2024-08-08T00:07:50.900Z","type":"promotion"}
{"level":"info","message":"In jow2 AD","status":"info","timestamp":"2024-08-08T00:07:50.911Z","type":"edit"}
{"level":"info","message":"Clicked on Edit button for post index 0","status":"success","timestamp":"2024-08-08T00:07:50.928Z","type":"edit"}
{"level":"info","message":"Added a dot","status":"info","timestamp":"2024-08-08T00:07:52.113Z","type":"edit"}
{"level":"info","message":"Page loaded successfully","status":"success","timestamp":"2024-08-08T00:08:00.375Z"}
{"level":"info","message":{"status":"success","type":"connection"},"timestamp":"2024-08-08T00:08:00.788Z"}
{"level":"info","message":{"reason":"Navigated to user post page","status":"success"},"timestamp":"2024-08-08T00:08:01.119Z"}
{"level":"info","message":"Found 2 elements to interact with.","status":"success","timestamp":"2024-08-08T00:08:01.268Z","type":"posts"}
{"level":"info","message":"Number of posts: 2","status":"success","timestamp":"2024-08-08T00:08:01.268Z","type":"promotion"}
{"level":"info","message":"In jow2 AD","status":"info","timestamp":"2024-08-08T00:08:01.276Z","type":"edit"}
{"level":"info","message":"Clicked on Edit button for post index 0","status":"success","timestamp":"2024-08-08T00:08:01.307Z","type":"edit"}
{"level":"info","message":"Added a dot","status":"info","timestamp":"2024-08-08T00:08:02.461Z","type":"edit"}
{"level":"error","message":{"error":"Waiting for selector `button#edit_message_save` failed: Waiting failed: 30000ms exceeded","reason":"Failed to save jow2 post","status":"failed","type":"edit"},"timestamp":"2024-08-08T00:08:32.475Z"}
{"level":"info","message":"In ubereats AD","status":"info","timestamp":"2024-08-08T00:08:33.471Z","type":"edit"}
{"level":"info","message":"Clicked on Edit button for post index 1","status":"success","timestamp":"2024-08-08T00:08:33.485Z","type":"edit"}
{"level":"info","message":"Added a dot","status":"info","timestamp":"2024-08-08T00:08:34.655Z","type":"edit"}
{"level":"error","message":{"error":"Waiting for selector `button#edit_message_save` failed: Waiting failed: 30000ms exceeded","reason":"Failed to save ubereats post","status":"failed","type":"edit"},"timestamp":"2024-08-08T00:09:04.664Z"}
{"level":"info","message":"Page loaded successfully","status":"success","timestamp":"2024-08-08T00:09:27.864Z"}
{"level":"info","message":{"status":"success","type":"connection"},"timestamp":"2024-08-08T00:09:28.230Z"}
{"level":"info","message":{"reason":"Navigated to user post page","status":"success"},"timestamp":"2024-08-08T00:09:28.563Z"}
{"level":"info","message":"Found 2 elements to interact with.","status":"success","timestamp":"2024-08-08T00:09:28.708Z","type":"posts"}
{"level":"info","message":"Number of posts: 2","status":"success","timestamp":"2024-08-08T00:09:28.708Z","type":"promotion"}
{"level":"info","message":"In jow2 AD","status":"info","timestamp":"2024-08-08T00:09:28.716Z","type":"edit"}
{"level":"info","message":"Clicked on Edit button for post index 0","status":"success","timestamp":"2024-08-08T00:09:28.732Z","type":"edit"}
{"level":"info","message":"Added a dot","status":"info","timestamp":"2024-08-08T00:09:29.909Z","type":"edit"}
{"level":"error","message":{"error":"Waiting for selector `button#edit_message_save` failed: Waiting failed: 30000ms exceeded","reason":"Failed to save jow2 post","status":"failed","type":"edit"},"timestamp":"2024-08-08T00:09:59.921Z"}
{"level":"info","message":"In ubereats AD","status":"info","timestamp":"2024-08-08T00:10:00.951Z","type":"edit"}
{"level":"info","message":"Clicked on Edit button for post index 1","status":"success","timestamp":"2024-08-08T00:10:00.965Z","type":"edit"}
{"level":"info","message":"Added a dot","status":"info","timestamp":"2024-08-08T00:10:02.108Z","type":"edit"}
{"level":"error","message":{"error":"Waiting for selector `button#edit_message_save` failed: Waiting failed: 30000ms exceeded","reason":"Failed to save ubereats post","status":"failed","type":"edit"},"timestamp":"2024-08-08T00:10:32.114Z"}
{"level":"info","message":"Page loaded successfully","status":"success","timestamp":"2024-08-08T00:11:44.880Z"}
{"level":"info","message":{"status":"success","type":"connection"},"timestamp":"2024-08-08T00:11:45.205Z"}
{"level":"info","message":{"reason":"Navigated to user post page","status":"success"},"timestamp":"2024-08-08T00:11:45.581Z"}
{"level":"info","message":"Found 2 elements to interact with.","status":"success","timestamp":"2024-08-08T00:11:45.724Z","type":"posts"}
{"level":"info","message":"Number of posts: 2","status":"success","timestamp":"2024-08-08T00:11:45.724Z","type":"promotion"}
{"level":"info","message":"In jow2 AD","status":"info","timestamp":"2024-08-08T00:11:45.732Z","type":"edit"}
{"level":"info","message":"Clicked on Edit button for post index 0","status":"success","timestamp":"2024-08-08T00:11:45.765Z","type":"edit"}
{"level":"info","message":"Added a dot","status":"info","timestamp":"2024-08-08T00:11:46.873Z","type":"edit"}
{"level":"error","message":{"error":"Waiting for selector `button#edit_message_save` failed: Waiting failed: 30000ms exceeded","reason":"Failed to save jow2 post","status":"failed","type":"edit"},"timestamp":"2024-08-08T00:12:16.876Z"}
{"level":"info","message":"In ubereats AD","status":"info","timestamp":"2024-08-08T00:12:17.916Z","type":"edit"}
{"level":"info","message":"Clicked on Edit button for post index 1","status":"success","timestamp":"2024-08-08T00:12:17.930Z","type":"edit"}
{"level":"info","message":"Added a dot","status":"info","timestamp":"2024-08-08T00:12:19.055Z","type":"edit"}
{"level":"error","message":{"error":"Waiting for selector `button#edit_message_save` failed: Waiting failed: 30000ms exceeded","reason":"Failed to save ubereats post","status":"failed","type":"edit"},"timestamp":"2024-08-08T00:12:49.060Z"}
{"level":"info","message":"Page loaded successfully","status":"success","timestamp":"2024-08-08T00:13:07.237Z"}
{"level":"info","message":{"status":"success","type":"connection"},"timestamp":"2024-08-08T00:13:07.548Z"}
{"level":"info","message":{"reason":"Navigated to user post page","status":"success"},"timestamp":"2024-08-08T00:13:07.884Z"}
{"level":"info","message":"Found 2 elements to interact with.","status":"success","timestamp":"2024-08-08T00:13:08.032Z","type":"posts"}
{"level":"info","message":"Number of posts: 2","status":"success","timestamp":"2024-08-08T00:13:08.033Z","type":"promotion"}
{"level":"info","message":"In jow2 AD","status":"info","timestamp":"2024-08-08T00:13:08.042Z","type":"edit"}
{"level":"info","message":"Clicked on Edit button for post index 0","status":"success","timestamp":"2024-08-08T00:13:08.068Z","type":"edit"}
{"level":"info","message":"Added a dot","status":"info","timestamp":"2024-08-08T00:13:09.134Z","type":"edit"}
{"level":"error","message":{"error":"Waiting for selector `button#edit_message_save` failed: Waiting failed: 30000ms exceeded","reason":"Failed to save jow2 post","status":"failed","type":"edit"},"timestamp":"2024-08-08T00:13:39.142Z"}
{"level":"info","message":"In ubereats AD","status":"info","timestamp":"2024-08-08T00:13:40.181Z","type":"edit"}
{"level":"info","message":"Clicked on Edit button for post index 1","status":"success","timestamp":"2024-08-08T00:13:40.195Z","type":"edit"}
{"level":"info","message":"Added a dot","status":"info","timestamp":"2024-08-08T00:13:41.979Z","type":"edit"}
{"level":"info","message":"Page loaded successfully","status":"success","timestamp":"2024-08-08T00:13:48.414Z"}
{"level":"info","message":{"status":"success","type":"connection"},"timestamp":"2024-08-08T00:13:48.870Z"}
{"level":"info","message":{"reason":"Navigated to user post page","status":"success"},"timestamp":"2024-08-08T00:13:49.252Z"}
{"level":"info","message":"Found 2 elements to interact with.","status":"success","timestamp":"2024-08-08T00:13:49.402Z","type":"posts"}
{"level":"info","message":"Number of posts: 2","status":"success","timestamp":"2024-08-08T00:13:49.403Z","type":"promotion"}
{"level":"info","message":"In jow2 AD","status":"info","timestamp":"2024-08-08T00:13:49.410Z","type":"edit"}
{"level":"info","message":"Clicked on Edit button for post index 0","status":"success","timestamp":"2024-08-08T00:13:49.437Z","type":"edit"}
{"level":"info","message":"Added a dot","status":"info","timestamp":"2024-08-08T00:13:50.580Z","type":"edit"}
{"level":"error","message":{"error":"Waiting for selector `button#edit_message_save` failed: Waiting failed: 30000ms exceeded","reason":"Failed to save jow2 post","status":"failed","type":"edit"},"timestamp":"2024-08-08T00:14:20.596Z"}
{"level":"info","message":"In ubereats AD","status":"info","timestamp":"2024-08-08T00:14:21.634Z","type":"edit"}
{"level":"info","message":"Clicked on Edit button for post index 1","status":"success","timestamp":"2024-08-08T00:14:21.649Z","type":"edit"}
{"level":"info","message":"Added a dot","status":"info","timestamp":"2024-08-08T00:14:22.851Z","type":"edit"}
{"level":"error","message":{"error":"Waiting for selector `button#edit_message_save` failed: Protocol error (Runtime.callFunctionOn): Target closed","reason":"Failed to save ubereats post","status":"failed","type":"edit"},"timestamp":"2024-08-08T00:14:31.438Z"}
{"level":"error","message":{"error":"Protocol error (Page.navigate): Session closed. Most likely the page has been closed.","status":"error","type":"edit"},"timestamp":"2024-08-08T00:14:31.439Z"}
{"level":"info","message":"Page loaded successfully","status":"success","timestamp":"2024-08-08T00:16:21.768Z"}
{"level":"info","message":{"status":"success","type":"connection"},"timestamp":"2024-08-08T00:16:22.133Z"}
{"level":"info","message":{"reason":"Navigated to user post page","status":"success"},"timestamp":"2024-08-08T00:16:22.489Z"}
{"level":"info","message":"Found 2 elements to interact with.","status":"success","timestamp":"2024-08-08T00:16:22.629Z","type":"posts"}
{"level":"info","message":"Number of posts: 2","status":"success","timestamp":"2024-08-08T00:16:22.629Z","type":"promotion"}
{"level":"info","message":"In jow2 AD","status":"info","timestamp":"2024-08-08T00:16:22.638Z","type":"edit"}
{"level":"info","message":"Clicked on Edit button for post index 0","status":"success","timestamp":"2024-08-08T00:16:22.670Z","type":"edit"}
{"level":"info","message":"Added a dot","status":"info","timestamp":"2024-08-08T00:16:23.826Z","type":"edit"}
{"level":"error","message":{"error":"Waiting for selector `button#edit_message_save` failed: Waiting failed: 30000ms exceeded","reason":"Failed to save jow2 post","status":"failed","type":"edit"},"timestamp":"2024-08-08T00:16:53.839Z"}
{"level":"info","message":"In ubereats AD","status":"info","timestamp":"2024-08-08T00:16:54.895Z","type":"edit"}
{"level":"info","message":"Clicked on Edit button for post index 1","status":"success","timestamp":"2024-08-08T00:16:54.909Z","type":"edit"}
{"level":"info","message":"Added a dot","status":"info","timestamp":"2024-08-08T00:16:56.102Z","type":"edit"}
{"level":"info","message":"Page loaded successfully","status":"success","timestamp":"2024-08-08T00:17:18.831Z"}
{"level":"info","message":{"status":"success","type":"connection"},"timestamp":"2024-08-08T00:17:19.187Z"}
{"level":"info","message":{"reason":"Navigated to user post page","status":"success"},"timestamp":"2024-08-08T00:17:19.561Z"}
{"level":"info","message":"Found 2 elements to interact with.","status":"success","timestamp":"2024-08-08T00:17:19.703Z","type":"posts"}
{"level":"info","message":"Number of posts: 2","status":"success","timestamp":"2024-08-08T00:17:19.703Z","type":"promotion"}
{"level":"info","message":"In jow2 AD","status":"info","timestamp":"2024-08-08T00:17:19.711Z","type":"edit"}
{"level":"info","message":"Clicked on Edit button for post index 0","status":"success","timestamp":"2024-08-08T00:17:19.746Z","type":"edit"}
{"level":"info","message":"Added a dot","status":"info","timestamp":"2024-08-08T00:17:20.819Z","type":"edit"}
{"level":"error","message":{"error":"Waiting for selector `button#edit_message_save` failed: Waiting failed: 30000ms exceeded","reason":"Failed to save jow2 post","status":"failed","type":"edit"},"timestamp":"2024-08-08T00:17:50.826Z"}
{"level":"info","message":"In ubereats AD","status":"info","timestamp":"2024-08-08T00:17:51.850Z","type":"edit"}
{"level":"info","message":"Clicked on Edit button for post index 1","status":"success","timestamp":"2024-08-08T00:17:51.865Z","type":"edit"}
{"level":"info","message":"Added a dot","status":"info","timestamp":"2024-08-08T00:17:52.994Z","type":"edit"}
{"level":"info","message":"Page loaded successfully","status":"success","timestamp":"2024-08-08T00:18:23.497Z"}
{"level":"info","message":"URL of the sponsor area accessed","status":"success","timestamp":"2024-08-08T00:18:23.805Z","type":"connection"}
{"level":"info","message":{"reason":"Navigated to user post page","status":"success"},"timestamp":"2024-08-08T00:18:24.264Z"}
{"level":"info","message":"Found 2 elements to interact with.","status":"success","timestamp":"2024-08-08T00:18:24.406Z","type":"posts"}
{"level":"info","message":"Number of posts: 2","status":"success","timestamp":"2024-08-08T00:18:24.407Z","type":"promotion"}
{"level":"info","message":"In jow2 AD","status":"info","timestamp":"2024-08-08T00:18:24.415Z","type":"edit"}
{"level":"info","message":"Clicked on Edit button for post index 0","status":"success","timestamp":"2024-08-08T00:18:24.448Z","type":"edit"}
{"level":"info","message":"Added a dot","status":"info","timestamp":"2024-08-08T00:18:25.708Z","type":"edit"}
{"level":"error","message":{"error":"Waiting for selector `button#edit_message_save` failed: Waiting failed: 30000ms exceeded","reason":"Failed to save jow2 post","status":"failed","type":"edit"},"timestamp":"2024-08-08T00:18:55.713Z"}
{"level":"info","message":"In ubereats AD","status":"info","timestamp":"2024-08-08T00:18:56.753Z","type":"edit"}
{"level":"info","message":"Clicked on Edit button for post index 1","status":"success","timestamp":"2024-08-08T00:18:56.769Z","type":"edit"}
{"level":"info","message":"Added a dot","status":"info","timestamp":"2024-08-08T00:18:57.911Z","type":"edit"}
{"level":"info","message":"Page loaded successfully","status":"success","timestamp":"2024-08-08T00:19:18.597Z"}
{"level":"info","message":"URL of the sponsor area accessed","status":"success","timestamp":"2024-08-08T00:19:18.883Z","type":"connection"}
{"level":"info","message":"Navigated to user post page","status":"success","timestamp":"2024-08-08T00:19:19.238Z"}
{"level":"info","message":"Found 2 elements to interact with.","status":"success","timestamp":"2024-08-08T00:19:19.384Z","type":"posts"}
{"level":"info","message":"Number of posts: 2","status":"success","timestamp":"2024-08-08T00:19:19.384Z","type":"promotion"}
{"level":"info","message":"In jow2 AD","status":"info","timestamp":"2024-08-08T00:19:19.392Z","type":"edit"}
{"level":"info","message":"Clicked on Edit button for post index 0","status":"success","timestamp":"2024-08-08T00:19:19.426Z","type":"edit"}
{"level":"info","message":"Added a dot","status":"info","timestamp":"2024-08-08T00:19:20.541Z","type":"edit"}
{"level":"error","message":{"error":"Waiting for selector `button#edit_message_save` failed: Waiting failed: 30000ms exceeded","reason":"Failed to save jow2 post","status":"failed","type":"edit"},"timestamp":"2024-08-08T00:19:50.551Z"}
{"level":"info","message":"In ubereats AD","status":"info","timestamp":"2024-08-08T00:19:51.611Z","type":"edit"}
{"level":"info","message":"Clicked on Edit button for post index 1","status":"success","timestamp":"2024-08-08T00:19:51.624Z","type":"edit"}
{"level":"info","message":"Added a dot","status":"info","timestamp":"2024-08-08T00:19:52.784Z","type":"edit"}
{"level":"error","message":{"error":"Waiting for selector `button#edit_message_save` failed: Waiting failed: 30000ms exceeded","reason":"Failed to save ubereats post","status":"failed","type":"edit"},"timestamp":"2024-08-08T00:20:22.788Z"}
{"level":"info","message":"Page loaded successfully","status":"success","timestamp":"2024-08-08T00:24:20.170Z"}
{"level":"info","message":"URL of the sponsor area accessed","status":"success","timestamp":"2024-08-08T00:24:20.577Z","type":"connection"}
{"level":"info","message":"Navigated to user post page","status":"success","timestamp":"2024-08-08T00:24:20.914Z"}
{"level":"info","message":"Found 2 elements to interact with.","status":"success","timestamp":"2024-08-08T00:24:21.054Z","type":"posts"}
{"level":"info","message":"Number of posts: 2","status":"success","timestamp":"2024-08-08T00:24:21.054Z","type":"promotion"}
{"level":"info","message":"In jow2 AD","status":"info","timestamp":"2024-08-08T00:24:21.076Z","type":"edit"}
{"level":"info","message":"Clicked on Edit button for post index 0","status":"success","timestamp":"2024-08-08T00:24:21.103Z","type":"edit"}
{"level":"info","message":"Added a dot","status":"info","timestamp":"2024-08-08T00:24:22.184Z","type":"edit"}
{"error":{"name":"TimeoutError"},"level":"error","message":"Waiting for selector `button#edit_message_save` failed: Waiting failed: 30000ms exceeded","reason":"Failed to save jow2 post","status":"failed","timestamp":"2024-08-08T00:24:52.191Z","type":"edit"}
{"level":"info","message":"In ubereats AD","status":"info","timestamp":"2024-08-08T00:24:53.847Z","type":"edit"}
{"level":"info","message":"Clicked on Edit button for post index 1","status":"success","timestamp":"2024-08-08T00:24:53.860Z","type":"edit"}
{"level":"info","message":"Added a dot","status":"info","timestamp":"2024-08-08T00:24:54.998Z","type":"edit"}
